<?xml version="1.0" encoding="utf-8"?><testsuites name="pytest tests"><testsuite name="pytest" errors="0" failures="0" skipped="0" tests="81" time="68.804" timestamp="2026-09-16T08:23:18.531694+02:00" hostname="LAPTOP-DT9UMO59"><testcase classname="tests.contract.test_account_isolation" name="test_another_accounts_wallet_is_not_readable" time="0.867" /><testcase classname="tests.contract.test_account_isolation" name="test_another_accounts_wallet_cannot_be_used_as_a_conversion_target" time="0.575" /><testcase classname="tests.contract.test_account_isolation" name="test_another_accounts_quote_is_neither_readable_nor_acceptable" time="0.430" /><testcase classname="tests.contract.test_account_isolation" name="test_quote_listing_is_scoped_to_the_calling_account" time="0.324" /><testcase classname="tests.contract.test_auth" name="test_protected_endpoint_rejects_a_missing_token[GET /api/wallet]" time="0.055" /><testcase classname="tests.contract.test_auth" name="test_protected_endpoint_rejects_a_missing_token[GET /api/wallet/{id}]" time="0.054" /><testcase classname="tests.contract.test_auth" name="test_protected_endpoint_rejects_a_missing_token[POST /echo]" time="0.056" /><testcase classname="tests.contract.test_auth" name="test_protected_endpoint_rejects_a_missing_token[GET /api/v1/quote]" time="0.056" /><testcase classname="tests.contract.test_auth" name="test_protected_endpoint_rejects_a_missing_token[GET /api/v1/quote/{uuid}]" time="0.054" /><testcase classname="tests.contract.test_auth" name="test_protected_endpoint_rejects_a_missing_token[PUT /api/v1/quote/accept/{uuid}]" time="0.053" /><testcase classname="tests.contract.test_auth" name="test_protected_endpoint_rejects_a_missing_token[POST /api/v1/quote]" time="0.054" /><testcase classname="tests.contract.test_auth" name="test_protected_endpoint_rejects_an_unknown_token[GET /api/wallet]" time="0.055" /><testcase classname="tests.contract.test_auth" name="test_protected_endpoint_rejects_an_unknown_token[GET /api/wallet/{id}]" time="0.055" /><testcase classname="tests.contract.test_auth" name="test_protected_endpoint_rejects_an_unknown_token[POST /echo]" time="0.053" /><testcase classname="tests.contract.test_auth" name="test_protected_endpoint_rejects_an_unknown_token[GET /api/v1/quote]" time="0.054" /><testcase classname="tests.contract.test_auth" name="test_protected_endpoint_rejects_an_unknown_token[GET /api/v1/quote/{uuid}]" time="0.055" /><testcase classname="tests.contract.test_auth" name="test_protected_endpoint_rejects_an_unknown_token[PUT /api/v1/quote/accept/{uuid}]" time="0.056" /><testcase classname="tests.contract.test_auth" name="test_protected_endpoint_rejects_an_unknown_token[POST /api/v1/quote]" time="0.056" /><testcase classname="tests.contract.test_auth" name="test_only_the_bearer_scheme_is_accepted[wrong-scheme]" time="0.059" /><testcase classname="tests.contract.test_auth" name="test_only_the_bearer_scheme_is_accepted[no-scheme]" time="0.055" /><testcase classname="tests.contract.test_auth" name="test_only_the_bearer_scheme_is_accepted[basic-auth]" time="0.054" /><testcase classname="tests.contract.test_auth" name="test_a_freshly_issued_token_is_accepted" time="0.166" /><testcase classname="tests.contract.test_echo_and_health" name="test_echo_reflects_the_request_body_unchanged[object]" time="0.162" /><testcase classname="tests.contract.test_echo_and_health" name="test_echo_reflects_the_request_body_unchanged[empty-object]" time="0.164" /><testcase classname="tests.contract.test_echo_and_health" name="test_echo_reflects_the_request_body_unchanged[string]" time="0.163" /><testcase classname="tests.contract.test_echo_and_health" name="test_echo_reflects_the_request_body_unchanged[integer]" time="0.162" /><testcase classname="tests.contract.test_echo_and_health" name="test_echo_reflects_the_request_body_unchanged[null]" time="0.163" /><testcase classname="tests.contract.test_echo_and_health" name="test_echo_reports_the_same_expiry_that_init_issued" time="0.166" /><testcase classname="tests.contract.test_echo_and_health" name="test_issued_tokens_last_a_day" time="0.110" /><testcase classname="tests.contract.test_echo_and_health" name="test_health_is_public_and_reports_metrics" time="0.071" /><testcase classname="tests.contract.test_wallets" name="test_a_new_account_has_three_funded_active_wallets" time="0.109" /><testcase classname="tests.contract.test_wallets" name="test_currency_metadata_is_usable_for_money_maths" time="0.110" /><testcase classname="tests.contract.test_wallets" name="test_single_wallet_matches_its_entry_in_the_list" time="0.273" /><testcase classname="tests.contract.test_wallets" name="test_pagination_splits_the_wallet_list" time="0.217" /><testcase classname="tests.contract.test_wallets" name="test_offset_beyond_the_end_returns_an_empty_page" time="0.167" /><testcase classname="tests.contract.test_wallets" name="test_unknown_wallet_id_is_not_found" time="0.162" /><testcase classname="tests.contract.test_wallets" name="test_non_integer_wallet_id_is_a_validation_error" time="0.162" /><testcase classname="tests.e2e.test_conversions" name="test_conversion_settles_and_moves_exactly_the_quoted_amounts[1-ETH-to-TRX]" time="5.560" /><testcase classname="tests.e2e.test_conversions" name="test_conversion_settles_and_moves_exactly_the_quoted_amounts[420-TRX-to-USDT]" time="5.555" /><testcase classname="tests.e2e.test_conversions" name="test_conversion_settles_and_moves_exactly_the_quoted_amounts[987-TRX-to-ETH]" time="5.498" /><testcase classname="tests.e2e.test_conversions" name="test_settled_quote_is_immutable_when_read_back[1-ETH-to-TRX]" time="5.492" /><testcase classname="tests.e2e.test_conversions" name="test_settled_quote_is_immutable_when_read_back[420-TRX-to-USDT]" time="5.495" /><testcase classname="tests.e2e.test_conversions" name="test_settled_quote_is_immutable_when_read_back[987-TRX-to-ETH]" time="5.523" /><testcase classname="tests.e2e.test_quote_lifecycle" name="test_quote_expires_after_the_documented_window_and_cannot_be_accepted" time="21.044" /><testcase classname="tests.e2e.test_quote_lifecycle" name="test_quote_cannot_be_accepted_twice" time="5.619" /><testcase classname="tests.e2e.test_quote_lifecycle" name="test_creating_a_quote_does_not_move_funds" time="0.220" /><testcase classname="tests.e2e.test_quote_lifecycle" name="test_quotes_are_listed_for_the_account_that_created_them" time="0.264" /><testcase classname="tests.e2e.test_quote_lifecycle" name="test_reverse_quote_prices_a_target_amount" time="0.165" /><testcase classname="tests.negative.test_quote_validation" name="test_a_body_missing_required_fields_lists_every_one_of_them" time="0.166" /><testcase classname="tests.negative.test_quote_validation" name="test_a_quote_with_no_amount_at_all_is_rejected" time="0.160" /><testcase classname="tests.negative.test_quote_validation" name="test_specifying_both_amounts_is_rejected" time="0.171" /><testcase classname="tests.negative.test_quote_validation" name="test_converting_more_than_the_wallet_holds_is_refused" time="0.302" /><testcase classname="tests.negative.test_quote_validation" name="test_source_currency_must_match_the_source_wallet" time="0.158" /><testcase classname="tests.negative.test_quote_validation" name="test_currency_codes_are_case_sensitive" time="0.157" /><testcase classname="tests.negative.test_quote_validation" name="test_an_unrecognised_currency_code_is_rejected" time="0.158" /><testcase classname="tests.negative.test_quote_validation" name="test_unknown_quote_uuid_is_not_found" time="0.221" /><testcase classname="tests.negative.test_quote_validation" name="test_malformed_quote_uuid_is_a_validation_error[words]" time="0.160" /><testcase classname="tests.negative.test_quote_validation" name="test_malformed_quote_uuid_is_a_validation_error[digits]" time="0.157" /><testcase classname="tests.negative.test_quote_validation" name="test_malformed_quote_uuid_is_a_validation_error[truncated]" time="0.159" /><testcase classname="tests.negative.test_quote_validation" name="test_a_destination_wallet_that_does_not_exist_is_rejected" time="0.158" /><testcase classname="tests.negative.test_quote_validation" name="test_a_rejected_request_moves_no_funds" time="0.224" /><testcase classname="tests.unit.test_models" name="test_init_response_parses" time="0.001" /><testcase classname="tests.unit.test_models" name="test_health_response_parses" time="0.001" /><testcase classname="tests.unit.test_models" name="test_echo_response_parses" time="0.001" /><testcase classname="tests.unit.test_models" name="test_wallet_parses_with_amounts_as_decimals" time="0.001" /><testcase classname="tests.unit.test_models" name="test_quote_parses_in_every_recorded_state[quote_pending]" time="0.001" /><testcase classname="tests.unit.test_models" name="test_quote_parses_in_every_recorded_state[quote_accepted]" time="0.003" /><testcase classname="tests.unit.test_models" name="test_quote_states_are_read_correctly" time="0.001" /><testcase classname="tests.unit.test_models" name="test_an_unexpected_field_is_rejected" time="0.001" /><testcase classname="tests.unit.test_models" name="test_a_missing_field_is_rejected" time="0.001" /><testcase classname="tests.unit.test_money" name="test_helpers_reproduce_a_real_conversion[1 ETH -&gt; TRX]" time="0.002" /><testcase classname="tests.unit.test_money" name="test_helpers_reproduce_a_real_conversion[420 TRX -&gt; USDT]" time="0.002" /><testcase classname="tests.unit.test_money" name="test_helpers_reproduce_a_real_conversion[987 TRX -&gt; ETH]" time="0.001" /><testcase classname="tests.unit.test_money" name="test_tolerance_is_tight_enough_to_catch_a_missing_fee" time="0.001" /><testcase classname="tests.unit.test_money" name="test_price_resolution_limits_what_the_amount_out_check_can_prove" time="0.001" /><testcase classname="tests.unit.test_money" name="test_truncation_matches_the_apis_rounding_behaviour" time="0.001" /><testcase classname="tests.unit.test_money" name="test_amounts_are_never_built_from_floats" time="0.001" /><testcase classname="tests.unit.test_redaction" name="test_a_token_in_a_response_body_is_masked" time="0.001" /><testcase classname="tests.unit.test_redaction" name="test_tokens_are_masked_wherever_they_appear" time="0.002" /><testcase classname="tests.unit.test_redaction" name="test_ordinary_content_is_left_alone" time="0.001" /><testcase classname="tests.unit.test_redaction" name="test_failure_messages_do_not_leak_the_token" time="0.003" /></testsuite></testsuites>